2025-02-17 20:31:08,723 - INFO - Launching OpenFin application...
2025-02-17 20:55:29,158 - INFO - Launching OpenFin application...
2025-02-17 20:58:24,050 - INFO - Launching OpenFin application...
2025-02-17 21:08:52,541 - INFO - Launching OpenFin application...
2025-02-17 21:09:40,759 - INFO - Launching OpenFin application...
2025-02-17 23:04:04,623 - INFO - Launching OpenFin application...
2025-02-17 23:04:04,690 - INFO - Waiting for the OpenFin login window to appear...
2025-02-17 23:04:34,693 - ERROR - Login window not found!
2025-02-17 23:04:34,693 - ERROR - Login test failed.
2025-02-17 23:07:23,744 - INFO - Launching OpenFin application...
2025-02-17 23:07:23,846 - INFO - Waiting for the OpenFin login window to appear...
2025-02-17 23:07:53,849 - ERROR - Login window not found!
2025-02-17 23:07:53,849 - ERROR - Login test failed.
2025-02-17 23:23:36,543 - INFO - Launching OpenFin application...
2025-02-17 23:23:36,587 - INFO - Waiting for the OpenFin login window to appear...
2025-02-17 23:23:55,983 - INFO - Filling in login credentials...
2025-02-17 23:23:58,454 - INFO - Login attempt made.
2025-02-17 23:34:38,939 - INFO - Launching OpenFin application...
2025-02-17 23:34:38,990 - INFO - Waiting for the OpenFin login window to appear...
2025-02-17 23:35:08,991 - ERROR - Login window not found!
2025-02-17 23:35:08,991 - ERROR - Login test failed.
2025-02-17 23:37:01,676 - INFO - Launching OpenFin application...
2025-02-17 23:37:01,709 - INFO - Waiting for the OpenFin login window to appear...
2025-02-17 23:37:31,709 - ERROR - Login window not found!
2025-02-17 23:37:31,709 - ERROR - Login test failed.
2025-02-18 00:02:43,565 - INFO - Launching OpenFin application...
2025-02-18 00:02:43,620 - INFO - Waiting for the OpenFin login window to appear...
2025-02-18 00:03:13,636 - ERROR - Login window not found!
2025-02-18 00:03:13,637 - ERROR - Login test failed.
2025-02-18 00:13:24,496 - INFO - Launching OpenFin application...
2025-02-18 00:13:24,526 - INFO - Waiting for the OpenFin login window to appear...
2025-02-18 00:13:54,526 - ERROR - Login window not found!
2025-02-18 00:13:54,526 - ERROR - Login test failed.

(venv) PS C:\Automation\automation_suite> python -m tests.test_login_logout
2025-02-28 22:41:09,367 - INFO - Logging out of the application...
2025-02-28 22:41:39,367 - ERROR - Dock window not found!
2025-02-28 22:41:39,368 - INFO - Starting the login/logout test...
2025-02-28 22:41:39,368 - INFO - Launching OpenFin application... 
fins://fo-openfin.uat.apps.uk.mizuho-sc.com/user/ranaka
2025-02-28 22:41:54,433 - INFO - Waiting for the Mizuho login window to appear...
Control Identifiers:

Dialog - 'Mizuho Front Office'    (L660, T273, R1260, B761)
['Mizuho Front Office', 'Dialog', 'Mizuho Front OfficeDialog', 'Mizuho Front Office0', 'Mizuho Front Office1']
child_window(title="Mizuho Front Office", control_type="Window")
   | 
   | Pane - 'Mizuho Front Office'    (L670, T318, R1250, B750)
   | ['Mizuho Front Office2', 'Mizuho Front OfficePane', 'Pane', 'Pane0', 'Pane1']
   | child_window(title="Mizuho Front Office", control_type="Pane")
   |    | 
   |    | Pane - ''    (L670, T318, R1250, B750)
   |    | ['Pane2']
   |    |    | 
   |    |    | Pane - ''    (L670, T318, R1250, B750)
   |    |    | ['Pane3']
   |    |    |    | 
   |    |    |    | Pane - ''    (L670, T318, R1250, B750)
   |    |    |    | ['Pane4']
   |    |    |    |    |
   |    |    |    |    | Pane - ''    (L670, T318, R1250, B750)
   |    |    |    |    | ['Pane5']
   |    |    |    |    |    | 
   |    |    |    |    |    | Pane - ''    (L670, T318, R1250, B750)
   |    |    |    |    |    | ['Pane6']
   |    |    |    |    |    |    | 
   |    |    |    |    |    |    | Pane - ''    (L670, T318, R1250, B750)
   |    |    |    |    |    |    | ['Pane7']
   |    |    |    |    |    |    | 
   |    |    |    |    |    |    | Pane - ''    (L670, T318, R1250, B750)
   |    |    |    |    |    |    | ['Pane8']
2025-02-28 22:41:56,795 - INFO - Available controls in the window: None
2025-02-28 22:41:56,795 - INFO - Filling in login credentials...
2025-02-28 22:41:58,301 - INFO - Login attempt made.
2025-02-28 22:42:08,303 - INFO - Login successful.
2025-02-28 22:42:08,304 - INFO - Login test completed successfully.
2025-02-28 22:42:08,310 - INFO - Logging out of the application...
2025-02-28 22:42:10,915 - INFO - Clicked on User Profile button.
2025-02-28 22:42:13,308 - INFO - Clicked on Log Out button.
2025-02-28 22:42:34,987 - INFO - Title: Dock, Handle: 1575124
2025-02-28 22:42:34,988 - INFO - Title: Taskbar, Handle: 197016
2025-02-28 22:42:34,989 - INFO - Title: , Handle: 65810
2025-02-28 22:42:34,990 - INFO - Title: User Profile, Handle: 788812
2025-02-28 22:42:34,992 - INFO - Title: test_login_logout.py - automation_suite - Visual Studio Code, Handle: 330164
2025-02-28 22:42:34,993 - INFO - Title: *Untitled - Notepad, Handle: 787226
2025-02-28 22:42:34,994 - INFO - Title: Training to gain Business and product knowledge-20250219_134221-Meeting Recording.mp4 - Google Chrome, Handle: 329850
2025-02-28 22:42:34,996 - INFO - Title: *Untitled - Notepad, Handle: 1181256
2025-02-28 22:42:34,997 - INFO - Title: Inbox - Kasun.Ranasinghe@uk.mizuho-sc.com - Outlook, Handle: 3542286
2025-02-28 22:42:34,998 - INFO - Title: Chat | Training to gain Business and product knowledge | Microsoft Teams, Handle: 66852
2025-02-28 22:42:34,999 - INFO - Title: Program Manager, Handle: 66048
2025-02-28 22:42:35,000 - ERROR - Confirmation dialog not found!
2025-02-28 22:42:35,000 - ERROR - Logout test failed.

<body>
		<div class="container">
			<div class="header">
				<img src="../../../../favicon.ico" alt="Logo" height="40px">
			</div>
			<form id="login-form" class="content">
				<input class="input-field" type="text" id="username" name="username" placeholder="Username" required="">
				<br>
				<input class="input-field" type="password" id="password" name="password" placeholder="Password" required="">
				<br>
				<button id="auth-button" class="auth-button" type="submit">Login</button>
			</form>
			<div style="min-height:60px;min-width:100%;">
				<div class="error-message" id="error-field" style="display: block;">Login failed. 

Incorrect username and/or password OR Invalid/missing access token</div>
			</div>
		</div>

		<!-- <div>
				<button id="skip">Console</button>
			</div> -->
		<footer></footer>
		<script src="./mizuho-login.js"></script>
	
</body>


(venv) PS C:\Automation\automation_suite> behave features/login.feature
Feature: Login to Mizuho OpenFin Application # features/login.feature:1

  Scenario: Successful login with valid credentials  # features/login.feature:3
    Given the OpenFin application is launched        # steps/login_steps.py:12
2025-03-03 13:17:44,469 - INFO - Launching the OpenFin application...
2025-03-03 13:17:44,472 - INFO - Launching OpenFin application...
fins://fo-openfin.uat.apps.uk.mizuho-sc.com/user/ranaka
2025-03-03 13:17:59,548 - INFO - Waiting for the Mizuho login window to appear...
2025-03-03 13:18:14,315 - INFO - Filling in login credentials...
2025-03-03 13:18:16,614 - INFO - Login attempt made.
2025-03-03 13:18:55,700 - INFO - Login successful.
2025-03-03 13:18:55,721 - INFO - OpenFin application launched.
    When I enter valid credentials                   # steps/login_steps.py:18
2025-03-03 13:18:55,997 - INFO - Entering valid credentials...
2025-03-03 13:18:56,022 - INFO - Launching OpenFin application...
fins://fo-openfin.uat.apps.uk.mizuho-sc.com/user/ranaka
2025-03-03 13:19:11,156 - INFO - Waiting for the Mizuho login window to appear...
2025-03-03 13:20:11,158 - ERROR - Login window not found! Current windows: ['Dock', '', '', 'login.feature - automation_suite - Visual Studio Code', 'Chat | Merlin Devs | Microsoft Teams', 'Settings', 'Settings', 'Microsoft Text Input Application', '', '', '', '', 'Inbox - Kasun.Ranasinghe@uk.mizuho-sc.com - Outlook', 'Program Manager']
2025-03-03 13:20:11,159 - INFO - Valid credentials entered.
    Then I should be logged in successfully          # steps/login_steps.py:30
      Traceback (most recent call last):
        File "C:\Automation\automation_suite\venv\Lib\site-packages\PIL\Image.py", line 2571, in save
          format = EXTENSION[ext]
                   ~~~~~~~~~^^^^^
      KeyError: ''

      The above exception was the direct cause of the following exception:

      Traceback (most recent call last):
        File "C:\Automation\automation_suite\venv\Lib\site-packages\behave\model.py", line 1329, in run
          match.run(runner.context)
          ~~~~~~~~~^^^^^^^^^^^^^^^^
        File "C:\Automation\automation_suite\venv\Lib\site-packages\behave\matchers.py", line 98, in run
          self.func(context, *args, **kwargs)
          ~~~~~~~~~^^^^^^^^^^^^^^^^^^^^^^^^^^
        File "steps\login_steps.py", line 33, in step_impl
          screenshot_path = take_screenshot("login_failure")
        File "C:\Automation\automation_suite\utils\screenshot.py", line 7, in take_screenshot
          screenshot.save(os.path.join('reports', filename))
          ~~~~~~~~~~~~~~~^^^^^^^^^^^^^^^^^^^^^^^^^^^^^^^^^^^
        File "C:\Automation\automation_suite\venv\Lib\site-packages\PIL\Image.py", line 2574, in save
          raise ValueError(msg) from e
      ValueError: unknown file extension:

      Captured logging:
      INFO:builtins:Launching the OpenFin application...
      INFO:root:Launching OpenFin application...
      INFO:root:Waiting for the Mizuho login window to appear...
      INFO:root:Filling in login credentials...
      INFO:root:Login attempt made.
      INFO:root:Login successful.
      INFO:builtins:OpenFin application launched.
      INFO:builtins:Entering valid credentials...
      INFO:root:Launching OpenFin application...
      INFO:root:Waiting for the Mizuho login window to appear...
      ERROR:root:Login window not found! Current windows: ['Dock', '', '', 'login.feature - automation_suite - Visual Studio Code', 'Chat 
| Merlin Devs | Microsoft Teams', 'Settings', 'Settings', 'Microsoft Text Input Application', '', '', '', '', 'Inbox - Kasun.Ranasinghe@uk.mizuho-sc.com - Outlook', 'Program Manager']
      INFO:builtins:Valid credentials entered.


  Scenario: Unsuccessful login with invalid credentials  # features/login.feature:8
    Given the OpenFin application is launched            # steps/login_steps.py:12
2025-03-03 13:20:11,466 - INFO - Launching the OpenFin application...
2025-03-03 13:20:11,468 - INFO - Launching OpenFin application...
fins://fo-openfin.uat.apps.uk.mizuho-sc.com/user/ranaka
2025-03-03 13:20:26,519 - INFO - Waiting for the Mizuho login window to appear...
2025-03-03 13:21:26,520 - ERROR - Login window not found! Current windows: ['', '', '.gitignore - automation_suite - Visual Studio Code', 
'Chat | Merlin Devs | Microsoft Teams', 'Settings', 'Settings', 'Microsoft Text Input Application', '', '', '', '', 'Inbox - Kasun.Ranasinghe@uk.mizuho-sc.com - Outlook', 'Program Manager']
2025-03-03 13:21:26,521 - INFO - OpenFin application launched.
    When I enter invalid credentials                     # steps/login_steps.py:24
2025-03-03 13:21:26,523 - INFO - Entering invalid credentials...
2025-03-03 13:21:26,525 - INFO - Launching OpenFin application...
fins://fo-openfin.uat.apps.uk.mizuho-sc.com/user/ranaka
2025-03-03 13:21:41,592 - INFO - Waiting for the Mizuho login window to appear...
2025-03-03 13:21:49,915 - INFO - Filling in login credentials...
2025-03-03 13:21:52,108 - INFO - Login attempt made.
2025-03-03 13:23:02,123 - ERROR - Login failed. Current windows: ['Mizuho Front Office', '', '', 'Chat | Merlin Devs | Microsoft Teams', '[UAT] Front Office Apps - v19.2.12', 'Settings', 'Settings', 'Microsoft Text Input Application', '', '', '', '', 'Inbox - Kasun.Ranasinghe@uk.mizuho-sc.com - Outlook', '.gitignore - automation_suite - Visual Studio Code', 'Program Manager']
2025-03-03 13:23:02,124 - INFO - Invalid credentials entered.
    Then I should see an error message                   # steps/login_steps.py:37


Failing scenarios:
  features/login.feature:3  Successful login with valid credentials

0 features passed, 1 failed, 0 skipped
1 scenario passed, 1 failed, 0 skipped
5 steps passed, 1 failed, 0 skipped, 0 undefined
Took 5m17.407s
(venv) PS C:\Automation\automation_suite> 2025-03-06 13:28:43,243 - automation - INFO - Opening Merlin screen: comments-main
2025-03-06 13:28:43,243 - automation - INFO - Opening Merlin screen: comments-main
2025-03-06 13:28:43,243 - automation - INFO - Opening Merlin screen: comments-main
2025-03-06 13:28:43,243 - automation - INFO - Opening Merlin screen: comments-main
2025-03-06 13:28:43,243 - automation - INFO - Opening Merlin screen: comments-main
2025-03-06 13:29:44,195 - automation - ERROR - Window 'Dock' not found within 60 seconds.
2025-03-06 13:29:44,195 - automation - ERROR - Window 'Dock' not found within 60 seconds.
2025-03-06 13:29:44,195 - automation - ERROR - Window 'Dock' not found within 60 seconds.
2025-03-06 13:29:44,195 - automation - ERROR - Window 'Dock' not found within 60 seconds.
2025-03-06 13:29:44,195 - automation - ERROR - Window 'Dock' not found within 60 seconds.
2025-03-06 13:29:44,196 - automation - ERROR - Dock window not found!
2025-03-06 13:29:44,196 - automation - ERROR - Dock window not found!
2025-03-06 13:29:44,196 - automation - ERROR - Dock window not found!
2025-03-06 13:29:44,196 - automation - ERROR - Dock window not found!
2025-03-06 13:29:44,196 - automation - ERROR - Dock window not found!
2025-03-06 13:29:44,208 - automation - INFO - Opening Merlin screen: dashboard
2025-03-06 13:29:44,208 - automation - INFO - Opening Merlin screen: dashboard
2025-03-06 13:29:44,208 - automation - INFO - Opening Merlin screen: dashboard
2025-03-06 13:29:44,208 - automation - INFO - Opening Merlin screen: dashboard
2025-03-06 13:29:44,208 - automation - INFO - Opening Merlin screen: dashboard
2025-03-06 13:30:45,278 - automation - ERROR - Window 'Dock' not found within 60 seconds.
2025-03-06 13:30:45,278 - automation - ERROR - Window 'Dock' not found within 60 seconds.
2025-03-06 13:30:45,278 - automation - ERROR - Window 'Dock' not found within 60 seconds.
2025-03-06 13:30:45,278 - automation - ERROR - Window 'Dock' not found within 60 seconds.
2025-03-06 13:30:45,278 - automation - ERROR - Window 'Dock' not found within 60 seconds.
2025-03-06 13:30:45,278 - automation - ERROR - Dock window not found!
2025-03-06 13:30:45,278 - automation - ERROR - Dock window not found!
2025-03-06 13:30:45,278 - automation - ERROR - Dock window not found!
2025-03-06 13:30:45,278 - automation - ERROR - Dock window not found!
2025-03-06 13:30:45,278 - automation - ERROR - Dock window not found!
2025-03-06 13:30:45,283 - automation - INFO - Opening Merlin screen: historical-trader-blotter
2025-03-06 13:30:45,283 - automation - INFO - Opening Merlin screen: historical-trader-blotter
2025-03-06 13:30:45,283 - automation - INFO - Opening Merlin screen: historical-trader-blotter
2025-03-06 13:30:45,283 - automation - INFO - Opening Merlin screen: historical-trader-blotter
2025-03-06 13:30:45,283 - automation - INFO - Opening Merlin screen: historical-trader-blotter
2025-03-06 13:31:45,582 - automation - ERROR - Window 'Dock' not found within 60 seconds.
2025-03-06 13:31:45,582 - automation - ERROR - Window 'Dock' not found within 60 seconds.
2025-03-06 13:31:45,582 - automation - ERROR - Window 'Dock' not found within 60 seconds.
2025-03-06 13:31:45,582 - automation - ERROR - Window 'Dock' not found within 60 seconds.
2025-03-06 13:31:45,582 - automation - ERROR - Window 'Dock' not found within 60 seconds.
2025-03-06 13:31:45,583 - automation - ERROR - Dock window not found!
2025-03-06 13:31:45,583 - automation - ERROR - Dock window not found!
2025-03-06 13:31:45,583 - automation - ERROR - Dock window not found!
2025-03-06 13:31:45,583 - automation - ERROR - Dock window not found!
2025-03-06 13:31:45,583 - automation - ERROR - Dock window not found!
2025-03-06 13:31:45,599 - automation - ERROR - Batch file not found: X:\Secure\DIR_FixedIncomeDev\OpenFin-FOApps\launch_openfin_fo_apps_uat.bat
2025-03-06 13:31:45,599 - automation - ERROR - Batch file not found: X:\Secure\DIR_FixedIncomeDev\OpenFin-FOApps\launch_openfin_fo_apps_uat.bat
2025-03-06 13:31:45,599 - automation - ERROR - Batch file not found: X:\Secure\DIR_FixedIncomeDev\OpenFin-FOApps\launch_openfin_fo_apps_uat.bat
2025-03-06 13:31:45,599 - automation - ERROR - Batch file not found: X:\Secure\DIR_FixedIncomeDev\OpenFin-FOApps\launch_openfin_fo_apps_uat.bat
2025-03-06 13:31:45,599 - automation - ERROR - Batch file not found: X:\Secure\DIR_FixedIncomeDev\OpenFin-FOApps\launch_openfin_fo_apps_uat.bat
2025-03-06 13:31:45,726 - automation - ERROR - Batch file not found: X:\Secure\DIR_FixedIncomeDev\OpenFin-FOApps\launch_openfin_fo_apps_uat.bat
2025-03-06 13:31:45,726 - automation - ERROR - Batch file not found: X:\Secure\DIR_FixedIncomeDev\OpenFin-FOApps\launch_openfin_fo_apps_uat.bat
2025-03-06 13:31:45,726 - automation - ERROR - Batch file not found: X:\Secure\DIR_FixedIncomeDev\OpenFin-FOApps\launch_openfin_fo_apps_uat.bat
2025-03-06 13:31:45,726 - automation - ERROR - Batch file not found: X:\Secure\DIR_FixedIncomeDev\OpenFin-FOApps\launch_openfin_fo_apps_uat.bat
2025-03-06 13:31:45,726 - automation - ERROR - Batch file not found: X:\Secure\DIR_FixedIncomeDev\OpenFin-FOApps\launch_openfin_fo_apps_uat.bat
2025-03-06 13:31:45,773 - automation - ERROR - Batch file not found: X:\Secure\DIR_FixedIncomeDev\OpenFin-FOApps\launch_openfin_fo_apps_uat.bat
2025-03-06 13:31:45,773 - automation - ERROR - Batch file not found: X:\Secure\DIR_FixedIncomeDev\OpenFin-FOApps\launch_openfin_fo_apps_uat.bat
2025-03-06 13:31:45,773 - automation - ERROR - Batch file not found: X:\Secure\DIR_FixedIncomeDev\OpenFin-FOApps\launch_openfin_fo_apps_uat.bat
2025-03-06 13:31:45,773 - automation - ERROR - Batch file not found: X:\Secure\DIR_FixedIncomeDev\OpenFin-FOApps\launch_openfin_fo_apps_uat.bat
2025-03-06 13:31:45,773 - automation - ERROR - Batch file not found: X:\Secure\DIR_FixedIncomeDev\OpenFin-FOApps\launch_openfin_fo_apps_uat.bat
2025-03-06 13:31:45,832 - automation - INFO - Logging out of the application...
2025-03-06 13:31:45,832 - automation - INFO - Logging out of the application...
2025-03-06 13:31:45,832 - automation - INFO - Logging out of the application...
2025-03-06 13:31:45,832 - automation - INFO - Logging out of the application...
2025-03-06 13:31:45,832 - automation - INFO - Logging out of the application...
2025-03-06 13:47:25,957 - automation - ERROR - Batch file not found: X:\Secure\DIR_FixedIncomeDev\OpenFin-FOApps\launch_openfin_fo_apps_uat.bat
2025-03-06 13:47:25,957 - automation - ERROR - Batch file not found: X:\Secure\DIR_FixedIncomeDev\OpenFin-FOApps\launch_openfin_fo_apps_uat.bat
2025-03-06 13:47:25,957 - automation - ERROR - Batch file not found: X:\Secure\DIR_FixedIncomeDev\OpenFin-FOApps\launch_openfin_fo_apps_uat.bat
2025-03-06 13:47:25,957 - automation - ERROR - Batch file not found: X:\Secure\DIR_FixedIncomeDev\OpenFin-FOApps\launch_openfin_fo_apps_uat.bat
2025-03-06 13:47:25,957 - automation - ERROR - Batch file not found: X:\Secure\DIR_FixedIncomeDev\OpenFin-FOApps\launch_openfin_fo_apps_uat.bat
2025-03-06 13:47:26,041 - automation - ERROR - Batch file not found: X:\Secure\DIR_FixedIncomeDev\OpenFin-FOApps\launch_openfin_fo_apps_uat.bat
2025-03-06 13:47:26,041 - automation - ERROR - Batch file not found: X:\Secure\DIR_FixedIncomeDev\OpenFin-FOApps\launch_openfin_fo_apps_uat.bat
2025-03-06 13:47:26,041 - automation - ERROR - Batch file not found: X:\Secure\DIR_FixedIncomeDev\OpenFin-FOApps\launch_openfin_fo_apps_uat.bat
2025-03-06 13:47:26,041 - automation - ERROR - Batch file not found: X:\Secure\DIR_FixedIncomeDev\OpenFin-FOApps\launch_openfin_fo_apps_uat.bat
2025-03-06 13:47:26,041 - automation - ERROR - Batch file not found: X:\Secure\DIR_FixedIncomeDev\OpenFin-FOApps\launch_openfin_fo_apps_uat.bat
2025-03-06 13:47:26,075 - automation - ERROR - Batch file not found: X:\Secure\DIR_FixedIncomeDev\OpenFin-FOApps\launch_openfin_fo_apps_uat.bat
2025-03-06 13:47:26,075 - automation - ERROR - Batch file not found: X:\Secure\DIR_FixedIncomeDev\OpenFin-FOApps\launch_openfin_fo_apps_uat.bat
2025-03-06 13:47:26,075 - automation - ERROR - Batch file not found: X:\Secure\DIR_FixedIncomeDev\OpenFin-FOApps\launch_openfin_fo_apps_uat.bat
2025-03-06 13:47:26,075 - automation - ERROR - Batch file not found: X:\Secure\DIR_FixedIncomeDev\OpenFin-FOApps\launch_openfin_fo_apps_uat.bat
2025-03-06 13:47:26,075 - automation - ERROR - Batch file not found: X:\Secure\DIR_FixedIncomeDev\OpenFin-FOApps\launch_openfin_fo_apps_uat.bat
2025-03-06 13:48:45,362 - automation - INFO - Opening Merlin screen: comments-main
2025-03-06 13:48:45,362 - automation - INFO - Opening Merlin screen: comments-main
2025-03-06 13:48:45,362 - automation - INFO - Opening Merlin screen: comments-main
2025-03-06 13:48:45,362 - automation - INFO - Opening Merlin screen: comments-main
2025-03-06 13:48:45,362 - automation - INFO - Opening Merlin screen: comments-main
2025-03-06 14:38:51,589 - automation - INFO - Launching OpenFin application...
2025-03-06 14:38:51,589 - automation - INFO - Launching OpenFin application...
2025-03-06 14:38:51,589 - automation - INFO - Launching OpenFin application...
2025-03-06 14:38:51,589 - automation - INFO - Launching OpenFin application...
2025-03-06 14:38:51,589 - automation - INFO - Launching OpenFin application...
2025-03-06 14:39:06,707 - automation - INFO - Waiting for the Mizuho login window to appear...
2025-03-06 14:39:06,707 - automation - INFO - Waiting for the Mizuho login window to appear...
2025-03-06 14:39:06,707 - automation - INFO - Waiting for the Mizuho login window to appear...
2025-03-06 14:39:06,707 - automation - INFO - Waiting for the Mizuho login window to appear...
2025-03-06 14:39:06,707 - automation - INFO - Waiting for the Mizuho login window to appear...
2025-03-06 14:39:22,647 - automation - INFO - Found window: Mizuho Front Office
2025-03-06 14:39:22,647 - automation - INFO - Found window: Mizuho Front Office
2025-03-06 14:39:22,647 - automation - INFO - Found window: Mizuho Front Office
2025-03-06 14:39:22,647 - automation - INFO - Found window: Mizuho Front Office
2025-03-06 14:39:22,647 - automation - INFO - Found window: Mizuho Front Office
2025-03-06 14:39:22,669 - automation - INFO - Launching OpenFin application...
2025-03-06 14:39:22,669 - automation - INFO - Launching OpenFin application...
2025-03-06 14:39:22,669 - automation - INFO - Launching OpenFin application...
2025-03-06 14:39:22,669 - automation - INFO - Launching OpenFin application...
2025-03-06 14:39:22,669 - automation - INFO - Launching OpenFin application...
2025-03-06 14:39:37,699 - automation - INFO - Waiting for the Mizuho login window to appear...
2025-03-06 14:39:37,699 - automation - INFO - Waiting for the Mizuho login window to appear...
2025-03-06 14:39:37,699 - automation - INFO - Waiting for the Mizuho login window to appear...
2025-03-06 14:39:37,699 - automation - INFO - Waiting for the Mizuho login window to appear...
2025-03-06 14:39:37,699 - automation - INFO - Waiting for the Mizuho login window to appear...
2025-03-06 14:39:38,136 - automation - INFO - Found window: Mizuho Front Office
2025-03-06 14:39:38,136 - automation - INFO - Found window: Mizuho Front Office
2025-03-06 14:39:38,136 - automation - INFO - Found window: Mizuho Front Office
2025-03-06 14:39:38,136 - automation - INFO - Found window: Mizuho Front Office
2025-03-06 14:39:38,136 - automation - INFO - Found window: Mizuho Front Office


(venv) PS C:\Automation\automation_suite> behave features/login.feature
Feature: User Login # features/login.feature:1

  Scenario: Successful login                  # features/login.feature:3
    Given the OpenFin application is launched # steps/login_steps.py:12
2025-03-06 14:38:51,586 - INFO - Launching the OpenFin application...
2025-03-06 14:38:51,589 - INFO - Launching OpenFin application...
fins://fo-openfin.uat.apps.uk.mizuho-sc.com/user/ranaka
2025-03-06 14:39:06,707 - INFO - Waiting for the Mizuho login window to appear...
2025-03-06 14:39:22,647 - INFO - Found window: Mizuho Front Office
      Traceback (most recent call last):
        File "C:\Automation\automation_suite\venv\Lib\site-packages\behave\model.py", line 1329, in run
          match.run(runner.context)
          ~~~~~~~~~^^^^^^^^^^^^^^^^
        File "C:\Automation\automation_suite\venv\Lib\site-packages\behave\matchers.py", line 98, in run
          self.func(context, *args, **kwargs)
          ~~~~~~~~~^^^^^^^^^^^^^^^^^^^^^^^^^^
        File "steps\login_steps.py", line 15, in step_impl
          context.result = automate_login()
                           ~~~~~~~~~~~~~~^^
        File "C:\Automation\automation_suite\openfin\login.py", line 35, in automate_login
          app = Application(backend='uia').connect(handle=login_window._hWnd)
                                                          ^^^^^^^^^^^^^^^^^^
      AttributeError: 'UIAWrapper' object has no attribute '_hWnd'

      Captured logging:
      INFO:builtins:Launching the OpenFin application...
      INFO:automation:Launching OpenFin application...
      INFO:automation:Waiting for the Mizuho login window to appear...
      INFO:automation:Found window: Mizuho Front Office

    When I enter valid credentials            # None
    Then I should be logged in successfully   # None

  Scenario: Unsuccessful login with invalid credentials  # features/login.feature:8
    Given the OpenFin application is launched            # steps/login_steps.py:12
2025-03-06 14:39:22,666 - INFO - Launching the OpenFin application...
2025-03-06 14:39:22,669 - INFO - Launching OpenFin application...
fins://fo-openfin.uat.apps.uk.mizuho-sc.com/user/ranaka
2025-03-06 14:39:37,699 - INFO - Waiting for the Mizuho login window to appear...
2025-03-06 14:39:38,136 - INFO - Found window: Mizuho Front Office
      Traceback (most recent call last):
        File "C:\Automation\automation_suite\venv\Lib\site-packages\behave\model.py", line 1329, in run
          match.run(runner.context)
          ~~~~~~~~~^^^^^^^^^^^^^^^^
        File "C:\Automation\automation_suite\venv\Lib\site-packages\behave\matchers.py", line 98, in run
          self.func(context, *args, **kwargs)
          ~~~~~~~~~^^^^^^^^^^^^^^^^^^^^^^^^^^
        File "steps\login_steps.py", line 15, in step_impl
          context.result = automate_login()
                           ~~~~~~~~~~~~~~^^
        File "C:\Automation\automation_suite\openfin\login.py", line 35, in automate_login
          app = Application(backend='uia').connect(handle=login_window._hWnd)
                                                          ^^^^^^^^^^^^^^^^^^
      AttributeError: 'UIAWrapper' object has no attribute '_hWnd'

      Captured logging:
      INFO:builtins:Launching the OpenFin application...
      INFO:automation:Launching OpenFin application...
      INFO:automation:Waiting for the Mizuho login window to appear...
      INFO:automation:Found window: Mizuho Front Office

    When I enter invalid credentials                     # None
    Then I should see an error message                   # None


Failing scenarios:
  features/login.feature:3  Successful login
  features/login.feature:8  Unsuccessful login with invalid credentials

0 features passed, 1 failed, 0 skipped
0 scenarios passed, 2 failed, 0 skipped
0 steps passed, 2 failed, 4 skipped, 0 undefined
Took 0m46.545s
